#
# A fatal error has been detected by the Java Runtime Environment:
#
#  EXCEPTION_ACCESS_VIOLATION (0xc0000005) at pc=0x0000000077bd59da, pid=5712, tid=0x0000000000001494
#
# JRE version: Java(TM) SE Runtime Environment (8.0_92-b14) (build 1.8.0_92-b14)
# Java VM: Java HotSpot(TM) 64-Bit Server VM (25.92-b14 mixed mode windows-amd64 compressed oops)
# Problematic frame:
# C  [ntdll.dll+0x259da]
#
# Failed to write core dump. Minidumps are not enabled by default on client versions of Windows
#
# If you would like to submit a bug report, please visit:
#   http://bugreport.java.com/bugreport/crash.jsp
#

---------------  T H R E A D  ---------------

Current thread (0x00000000568c0000):  JavaThread "pool-2-thread-2" [_thread_in_vm, id=5268, stack(0x0000000057690000,0x0000000057790000)]

siginfo: ExceptionCode=0xc0000005, reading address 0x0000000000000040

Registers:
RAX=0x0000000000000140, RBX=0x00000000568eba10, RCX=0x0000000000000000, RDX=0x0000000056900e10
RSP=0x000000005778b5b0, RBP=0x0000000056900e60, RSI=0x0000000000000000, RDI=0x00000000025825f0
R8 =0x00000000568eba10, R9 =0x0000000000000003, R10=0x0000000000000003, R11=0x000000040008001d
R12=0x0000000056900e10, R13=0x00000000000000d0, R14=0x0000000056625772, R15=0x00000000568eba10
RIP=0x0000000077bd59da, EFLAGS=0x0000000000010202

Top of Stack: (sp=0x000000005778b5b0)
0x000000005778b5b0:   0000000000000010 0000000000000010
0x000000005778b5c0:   0000000000000000 0000000059398d17
0x000000005778b5d0:   0000000000000002 0000000000000010
0x000000005778b5e0:   0000000000000026 000000005778b630
0x000000005778b5f0:   0000000056900ea0 0000000060bcd08a
0x000000005778b600:   0000000000000010 0000000000000010
0x000000005778b610:   0000000000000001 0000000056625772
0x000000005778b620:   0000000000000000 0000000002560000
0x000000005778b630:   00000000025825f0 0000000077c00f9b
0x000000005778b640:   0000000000000000 00000000000000d0
0x000000005778b650:   00000000568eba10 0000000000000000
0x000000005778b660:   0000000054c9fdea 0000000060bc6175
0x000000005778b670:   000000005668fb90 0000000060bcc2b2
0x000000005778b680:   0000000000000001 0000000056625772
0x000000005778b690:   000000005778bfa0 00000000000000ef
0x000000005778b6a0:   000000005689fc70 0000000054c9fdf6 

Instructions: (pc=0x0000000077bd59da)
0x0000000077bd59ba:   ec 60 4c 8b e2 48 8b f1 4c 8b 3a 48 8b 42 10 48
0x0000000077bd59ca:   c1 e0 05 4c 8d 6c 08 90 4c 89 ac 24 98 00 00 00
0x0000000077bd59da:   48 8b 59 40 66 83 bb 80 01 00 00 00 0f 85 1d 15
0x0000000077bd59ea:   fe ff 41 0f b7 7d 00 83 ff 02 76 0f 41 8b 45 10 


Register to memory mapping:

RAX=0x0000000000000140 is an unknown value
RBX=0x00000000568eba10 is an unknown value
RCX=0x0000000000000000 is an unknown value
RDX=0x0000000056900e10 is an unknown value
RSP=0x000000005778b5b0 is pointing into the stack for thread: 0x00000000568c0000
RBP=0x0000000056900e60 is an unknown value
RSI=0x0000000000000000 is an unknown value
RDI=0x00000000025825f0 is an unknown value
R8 =0x00000000568eba10 is an unknown value
R9 =0x0000000000000003 is an unknown value
R10=0x0000000000000003 is an unknown value
R11=0x000000040008001d is an unknown value
R12=0x0000000056900e10 is an unknown value
R13=0x00000000000000d0 is an unknown value
R14=0x0000000056625772 is an unknown value
R15=0x00000000568eba10 is an unknown value


Stack: [0x0000000057690000,0x0000000057790000],  sp=0x000000005778b5b0,  free space=1005k
Native frames: (J=compiled Java code, j=interpreted, Vv=VM code, C=native code)
C  [ntdll.dll+0x259da]
C  [ntdll.dll+0x50f9b]
C  [kernel32.dll+0x21a7a]
C  [msvcr100.dll+0x68d94]
V  [jvm.dll+0x51672]
V  [jvm.dll+0x5b6d7]
V  [jvm.dll+0x5b97e]
V  [jvm.dll+0x5d591]
V  [jvm.dll+0x7bb05]
V  [jvm.dll+0x1917d1]
V  [jvm.dll+0x191b6b]
C  [java.dll+0x1e58]
C  0x0000000002927f34

Java frames: (J=compiled Java code, j=interpreted, Vv=VM code)
j  java.lang.ClassLoader.defineClass1(Ljava/lang/String;[BIILjava/security/ProtectionDomain;Ljava/lang/String;)Ljava/lang/Class;+0
j  java.lang.ClassLoader.defineClass(Ljava/lang/String;[BIILjava/security/ProtectionDomain;)Ljava/lang/Class;+27
j  java.security.SecureClassLoader.defineClass(Ljava/lang/String;[BIILjava/security/CodeSource;)Ljava/lang/Class;+12
j  java.net.URLClassLoader.defineClass(Ljava/lang/String;Lsun/misc/Resource;)Ljava/lang/Class;+138
j  java.net.URLClassLoader.access$100(Ljava/net/URLClassLoader;Ljava/lang/String;Lsun/misc/Resource;)Ljava/lang/Class;+3
j  java.net.URLClassLoader$1.run()Ljava/lang/Class;+43
j  java.net.URLClassLoader$1.run()Ljava/lang/Object;+1
v  ~StubRoutines::call_stub
j  java.security.AccessController.doPrivileged(Ljava/security/PrivilegedExceptionAction;Ljava/security/AccessControlContext;)Ljava/lang/Object;+0
j  java.net.URLClassLoader.findClass(Ljava/lang/String;)Ljava/lang/Class;+13
J 177 C1 java.lang.ClassLoader.loadClass(Ljava/lang/String;Z)Ljava/lang/Class; (122 bytes) @ 0x0000000002a7207c [0x0000000002a71740+0x93c]
j  sun.misc.Launcher$AppClassLoader.loadClass(Ljava/lang/String;Z)Ljava/lang/Class;+81
j  java.lang.ClassLoader.loadClass(Ljava/lang/String;)Ljava/lang/Class;+3
v  ~StubRoutines::call_stub
j  com.android.dx.ssa.SsaRenamer$1.visitBlock(Lcom/android/dx/ssa/SsaBasicBlock;Lcom/android/dx/ssa/SsaBasicBlock;)V+0
j  com.android.dx.ssa.SsaMethod.forEachBlockDepthFirstDom(Lcom/android/dx/ssa/SsaBasicBlock$Visitor;)V+119
j  com.android.dx.ssa.SsaRenamer.run()V+12
j  com.android.dx.ssa.SsaConverter.convertToSsaMethod(Lcom/android/dx/rop/code/RopMethod;IZ)Lcom/android/dx/ssa/SsaMethod;+32
j  com.android.dx.ssa.Optimizer.optimize(Lcom/android/dx/rop/code/RopMethod;IZZLcom/android/dx/rop/code/TranslationAdvice;Ljava/util/EnumSet;)Lcom/android/dx/rop/code/RopMethod;+15
j  com.android.dx.ssa.Optimizer.optimize(Lcom/android/dx/rop/code/RopMethod;IZZLcom/android/dx/rop/code/TranslationAdvice;)Lcom/android/dx/rop/code/RopMethod;+12
j  com.android.dx.dex.cf.CfTranslator.processMethods(Lcom/android/dx/cf/direct/DirectClassFile;Lcom/android/dx/dex/cf/CfOptions;Lcom/android/dx/dex/DexOptions;Lcom/android/dx/dex/file/ClassDefItem;Lcom/android/dx/dex/file/DexFile;)V+265
j  com.android.dx.dex.cf.CfTranslator.translate0(Lcom/android/dx/cf/direct/DirectClassFile;[BLcom/android/dx/dex/cf/CfOptions;Lcom/android/dx/dex/DexOptions;Lcom/android/dx/dex/file/DexFile;)Lcom/android/dx/dex/file/ClassDefItem;+120
j  com.android.dx.dex.cf.CfTranslator.translate(Lcom/android/dx/cf/direct/DirectClassFile;[BLcom/android/dx/dex/cf/CfOptions;Lcom/android/dx/dex/DexOptions;Lcom/android/dx/dex/file/DexFile;)Lcom/android/dx/dex/file/ClassDefItem;+6
j  com.android.dx.command.dexer.Main.translateClass([BLcom/android/dx/cf/direct/DirectClassFile;)Lcom/android/dx/dex/file/ClassDefItem;+17
j  com.android.dx.command.dexer.Main.access$2700([BLcom/android/dx/cf/direct/DirectClassFile;)Lcom/android/dx/dex/file/ClassDefItem;+2
j  com.android.dx.command.dexer.Main$ClassTranslatorTask.call()Lcom/android/dx/dex/file/ClassDefItem;+8
j  com.android.dx.command.dexer.Main$ClassTranslatorTask.call()Ljava/lang/Object;+1
j  java.util.concurrent.FutureTask.run()V+42
j  java.util.concurrent.ThreadPoolExecutor.runWorker(Ljava/util/concurrent/ThreadPoolExecutor$Worker;)V+95
j  java.util.concurrent.ThreadPoolExecutor$Worker.run()V+5
j  java.lang.Thread.run()V+11
v  ~StubRoutines::call_stub

---------------  P R O C E S S  ---------------

Java Threads: ( => current thread )
  0x0000000056906800 JavaThread "pool-2-thread-4" [_thread_blocked, id=7872, stack(0x0000000057a00000,0x0000000057b00000)]
  0x00000000568e4800 JavaThread "pool-2-thread-3" [_thread_blocked, id=7604, stack(0x00000000577f0000,0x00000000578f0000)]
=>0x00000000568c0000 JavaThread "pool-2-thread-2" [_thread_in_vm, id=5268, stack(0x0000000057690000,0x0000000057790000)]
  0x000000005679e000 JavaThread "pool-3-thread-1" [_thread_blocked, id=7408, stack(0x00000000573e0000,0x00000000574e0000)]
  0x000000005679d000 JavaThread "pool-2-thread-1" [_thread_blocked, id=5756, stack(0x00000000572b0000,0x00000000573b0000)]
  0x000000005665c000 JavaThread "Service Thread" daemon [_thread_blocked, id=6840, stack(0x0000000056b30000,0x0000000056c30000)]
  0x00000000565f6000 JavaThread "C1 CompilerThread2" daemon [_thread_blocked, id=7820, stack(0x0000000057050000,0x0000000057150000)]
  0x00000000565f5000 JavaThread "C2 CompilerThread1" daemon [_thread_blocked, id=7720, stack(0x0000000056ea0000,0x0000000056fa0000)]
  0x00000000565ea800 JavaThread "C2 CompilerThread0" daemon [_thread_blocked, id=6856, stack(0x0000000056cf0000,0x0000000056df0000)]
  0x000000005517f000 JavaThread "Attach Listener" daemon [_thread_blocked, id=3376, stack(0x0000000056a10000,0x0000000056b10000)]
  0x000000005517e000 JavaThread "Signal Dispatcher" daemon [_thread_blocked, id=3360, stack(0x00000000560a0000,0x00000000561a0000)]
  0x000000005515a800 JavaThread "Finalizer" daemon [_thread_blocked, id=7304, stack(0x00000000564e0000,0x00000000565e0000)]
  0x0000000055113000 JavaThread "Reference Handler" daemon [_thread_blocked, id=8016, stack(0x0000000056350000,0x0000000056450000)]
  0x000000000256e000 JavaThread "main" [_thread_blocked, id=556, stack(0x0000000002810000,0x0000000002910000)]

Other Threads:
  0x000000005510b800 VMThread [stack: 0x0000000056210000,0x0000000056310000] [id=7696]
  0x0000000056685000 WatcherThread [stack: 0x0000000057190000,0x0000000057290000] [id=4532]

VM state:not at safepoint (normal execution)

VM Mutex/Monitor currently owned by a thread: None

Heap:
 PSYoungGen      total 76288K, used 13108K [0x00000000eab00000, 0x00000000f0000000, 0x0000000100000000)
  eden space 65536K, 20% used [0x00000000eab00000,0x00000000eb7cd060,0x00000000eeb00000)
  from space 10752K, 0% used [0x00000000ef580000,0x00000000ef580000,0x00000000f0000000)
  to   space 10752K, 0% used [0x00000000eeb00000,0x00000000eeb00000,0x00000000ef580000)
 ParOldGen       total 175104K, used 0K [0x00000000c0000000, 0x00000000cab00000, 0x00000000eab00000)
  object space 175104K, 0% used [0x00000000c0000000,0x00000000c0000000,0x00000000cab00000)
 Metaspace       used 4662K, capacity 5872K, committed 6016K, reserved 1056768K
  class space    used 519K, capacity 552K, committed 640K, reserved 1048576K

Card table byte_map: [0x0000000011cd0000,0x0000000011ee0000] byte_map_base: 0x00000000116d0000

Marking Bits: (ParMarkBitMap*) 0x00000000611c64f0
 Begin Bits: [0x0000000012580000, 0x0000000013580000)
 End Bits:   [0x0000000013580000, 0x0000000014580000)

Polling page: 0x0000000000130000

CodeCache: size=245760Kb used=1776Kb max_used=1776Kb free=243983Kb
 bounds [0x0000000002910000, 0x0000000002b80000, 0x0000000011910000]
 total_blobs=566 nmethods=306 adapters=173
 compilation: enabled

Compilation events (10 events):
Event: 0.363 Thread 0x00000000565f6000  301       1       com.android.dx.ssa.SsaBasicBlock::getPrimarySuccessorIndex (5 bytes)
Event: 0.364 Thread 0x00000000565f6000 nmethod 301 0x0000000002acc210 code [0x0000000002acc360, 0x0000000002acc470]
Event: 0.364 Thread 0x00000000565f6000  302       1       com.android.dx.ssa.Dominators::access$100 (5 bytes)
Event: 0.364 Thread 0x00000000565f6000 nmethod 302 0x0000000002acc4d0 code [0x0000000002acc620, 0x0000000002acc710]
Event: 0.364 Thread 0x00000000565f6000  303       1       com.android.dx.ssa.Dominators::access$200 (5 bytes)
Event: 0.364 Thread 0x00000000565f6000 nmethod 303 0x0000000002acc790 code [0x0000000002acc8e0, 0x0000000002acc9d0]
Event: 0.364 Thread 0x00000000565f6000  293       1       com.android.dx.rop.type.Type::getBasicType (5 bytes)
Event: 0.364 Thread 0x00000000565f6000 nmethod 293 0x0000000002acca50 code [0x0000000002accba0, 0x0000000002acccb0]
Event: 0.364 Thread 0x00000000565f6000  296       1       com.android.dx.cf.attrib.AttCode::getCatches (5 bytes)
Event: 0.364 Thread 0x00000000565f6000 nmethod 296 0x0000000002accd10 code [0x0000000002acce60, 0x0000000002accf70]

GC Heap History (0 events):
No events

Deoptimization events (0 events):
No events

Internal exceptions (2 events):
Event: 0.030 Thread 0x000000000256e000 Exception <a 'java/lang/NoSuchMethodError': Method sun.misc.Unsafe.defineClass(Ljava/lang/String;[BII)Ljava/lang/Class; name or signature does not match> (0x00000000eab07cc0) thrown at [D:\re\workspace\8-2-build-windows-amd64-cygwin\jdk8u92\6642\hotspot\srÌ[ìZ¿ž?
Event: 0.030 Thread 0x000000000256e000 Exception <a 'java/lang/NoSuchMethodError': Method sun.misc.Unsafe.prefetchRead(Ljava/lang/Object;J)V name or signature does not match> (0x00000000eab07fa8) thrown at [D:\re\workspace\8-2-build-windows-amd64-cygwin\jdk8u92\6642\hotspot\src\share\vm\prims\j

Events (10 events):
Event: 0.330 Thread 0x00000000568e4800 Thread added: 0x00000000568e4800
Event: 0.332 Thread 0x0000000056906800 Thread added: 0x0000000056906800
Event: 0.338 loading class com/android/dx/cf/direct/DirectClassFile$DcfTypeList
Event: 0.338 loading class com/android/dx/cf/direct/DirectClassFile$DcfTypeList done
Event: 0.342 loading class com/android/dx/cf/attrib/AttEnclosingMethod
Event: 0.342 loading class com/android/dx/cf/attrib/AttEnclosingMethod done
Event: 0.362 loading class java/util/HashMap$KeySet
Event: 0.362 loading class java/util/HashMap$KeySet done
Event: 0.362 loading class java/util/HashMap$KeyIterator
Event: 0.362 loading class java/util/HashMap$KeyIterator done


Dynamic libraries:
0x000000013f6e0000 - 0x000000013f717000 	C:\Program Files\Java\jdk1.8.0_92\bin\java.exe
0x0000000077bb0000 - 0x0000000077d59000 	C:\Windows\SYSTEM32\ntdll.dll
0x0000000077930000 - 0x0000000077a4f000 	C:\Windows\system32\kernel32.dll
0x000007fefe120000 - 0x000007fefe18c000 	C:\Windows\system32\KERNELBASE.dll
0x000007fefef80000 - 0x000007feff05b000 	C:\Windows\system32\ADVAPI32.dll
0x000007feffdf0000 - 0x000007feffe8f000 	C:\Windows\system32\msvcrt.dll
0x000007fefe7d0000 - 0x000007fefe7ef000 	C:\Windows\SYSTEM32\sechost.dll
0x000007fefece0000 - 0x000007fefee0d000 	C:\Windows\system32\RPCRT4.dll
0x0000000077830000 - 0x000000007792a000 	C:\Windows\system32\USER32.dll
0x000007fefe7f0000 - 0x000007fefe857000 	C:\Windows\system32\GDI32.dll
0x000007fefe880000 - 0x000007fefe88e000 	C:\Windows\system32\LPK.dll
0x000007fefe5c0000 - 0x000007fefe689000 	C:\Windows\system32\USP10.dll
0x000007fefc9f0000 - 0x000007fefcbe4000 	C:\Windows\WinSxS\amd64_microsoft.windows.common-controls_6595b64144ccf1df_6.0.7601.18837_none_fa3b1e3d17594757\COMCTL32.dll
0x000007fefef00000 - 0x000007fefef71000 	C:\Windows\system32\SHLWAPI.dll
0x000007feffe90000 - 0x000007feffebe000 	C:\Windows\system32\IMM32.DLL
0x000007fefe890000 - 0x000007fefe999000 	C:\Windows\system32\MSCTF.dll
0x0000000059330000 - 0x0000000059402000 	C:\Program Files\Java\jdk1.8.0_92\jre\bin\msvcr100.dll
0x00000000609b0000 - 0x0000000061246000 	C:\Program Files\Java\jdk1.8.0_92\jre\bin\server\jvm.dll
0x000007fef4370000 - 0x000007fef4379000 	C:\Windows\system32\WSOCK32.dll
0x000007fefee10000 - 0x000007fefee5d000 	C:\Windows\system32\WS2_32.dll
0x000007fefecd0000 - 0x000007fefecd8000 	C:\Windows\system32\NSI.dll
0x000007fefa610000 - 0x000007fefa64b000 	C:\Windows\system32\WINMM.dll
0x000007fefd0d0000 - 0x000007fefd0dc000 	C:\Windows\system32\VERSION.dll
0x0000000077d70000 - 0x0000000077d77000 	C:\Windows\system32\PSAPI.DLL
0x00000000636e0000 - 0x00000000636ef000 	C:\Program Files\Java\jdk1.8.0_92\jre\bin\verify.dll
0x00000000636b0000 - 0x00000000636d9000 	C:\Program Files\Java\jdk1.8.0_92\jre\bin\java.dll
0x0000000063690000 - 0x00000000636a6000 	C:\Program Files\Java\jdk1.8.0_92\jre\bin\zip.dll
0x000007feff060000 - 0x000007feffde9000 	C:\Windows\system32\SHELL32.dll
0x000007fefea20000 - 0x000007fefec23000 	C:\Windows\system32\ole32.dll
0x000007fefe010000 - 0x000007fefe01f000 	C:\Windows\system32\profapi.dll
0x000007fef3bf0000 - 0x000007fef3d15000 	C:\Windows\system32\dbghelp.dll

VM Arguments:
jvm_args: -Djava.awt.headless=true -Xmx1024M -Dfile.encoding=GBK -Duser.country=CN -Duser.language=zh -Duser.variant 
java_command: com.android.dx.command.Main --dex --force-jumbo --num-threads=4 --multi-dex --output C:\Users\Administrator\Desktop\ActivePlan\build\intermediates\transforms\dex\debug\folders\1000\5\slice_0 C:\Users\Administrator\Desktop\ActivePlan\build\intermediates\transforms\instantRunSlicer\debug\folders\1\5\slice_0
java_class_path (initial): C:\Users\Administrator\AppData\Local\Android\sdk\build-tools\23.0.3\lib\dx.jar
Launcher Type: SUN_STANDARD

Environment Variables:
PATH=C:\ProgramData\Oracle\Java\javapath;C:\Windows\system32;C:\Windows;C:\Windows\System32\Wbem;C:\Windows\System32\WindowsPowerShell\v1.0\;C:\Program Files\TortoiseSVN\bin
USERNAME=Administrator
OS=Windows_NT
PROCESSOR_IDENTIFIER=Intel64 Family 6 Model 42 Stepping 7, GenuineIntel



---------------  S Y S T E M  ---------------

OS: Windows 7 , 64 bit Build 7601 (6.1.7601.18933)

CPU:total 4 (4 cores per cpu, 1 threads per core) family 6 model 42 stepping 7, cmov, cx8, fxsr, mmx, sse, sse2, sse3, ssse3, sse4.1, sse4.2, popcnt, avx, aes, clmul, tsc, tscinvbit

Memory: 4k page, physical 16723340k(9108776k free), swap 33444840k(24488208k free)

vm_info: Java HotSpot(TM) 64-Bit Server VM (25.92-b14) for windows-amd64 JRE (1.8.0_92-b14), built on Mar 31 2016 21:03:04 by "java_re" with MS VC++ 10.0 (VS2010)

time: Sat Jun 04 17:04:55 2016
elapsed time: 0 seconds (0d 0h 0m 0s)

